<?xml version="1.0" encoding="UTF-8"?>
<!-- Generated by org.testng.reporters.JUnitReportReporter -->
<testsuite hostname="DESKTOP-Q2N33D7" failures="0" tests="4" name="com.actitime.testscript.TestNgSript" time="0.018" errors="0" timestamp="2023-01-10T23:06:50 IST" skipped="0">
  <testcase classname="com.actitime.testscript.TestNgSript" name="deleteUser" time="0.012"/>
  <system-out>
    <![CDATA[Delete User]]>
  </system-out>
  <testcase classname="com.actitime.testscript.TestNgSript" name="register" time="0.002"/>
  <system-out>
    <![CDATA[Register]]>
  </system-out>
  <testcase classname="com.actitime.testscript.TestNgSript" name="editUser" time="0.002"/>
  <system-out>
    <![CDATA[Edit User]]>
  </system-out>
  <testcase classname="com.actitime.testscript.TestNgSript" name="editUser" time="0.002"/>
  <system-out>
    <![CDATA[Edit User]]>
  </system-out>
</testsuite> <!-- com.actitime.testscript.TestNgSript -->
