<?xml version="1.0" encoding="UTF-8"?>
<!-- Generated by org.testng.reporters.JUnitReportReporter -->
<testsuite hostname="DESKTOP-Q2N33D7" failures="0" tests="1" name="com.actitime.testscript.DemoAssertion" time="0.013" errors="0" timestamp="2022-12-30T23:29:40 IST" skipped="0">
  <testcase classname="com.actitime.testscript.DemoAssertion" name="createcustomer" time="0.013"/>
  <system-out>
    <![CDATA[createcustomer]]>
  </system-out>
</testsuite> <!-- com.actitime.testscript.DemoAssertion -->
